<?xml version="1.0" encoding="UTF-8"?>
<testsuite name="com.indianservers.aiexplorer.arengine.ArEngineContractsTest" tests="5" skipped="0" failures="0" errors="0" timestamp="2026-07-23T20:26:03.600Z" hostname="INDIANSERVERS" time="0.099">
  <properties/>
  <testcase name="meshRejectsOutOfRangeIndices" classname="com.indianservers.aiexplorer.arengine.ArEngineContractsTest" time="0.026"/>
  <testcase name="hitPolicyIsDeterministicAndAnchorsHaveExplicitOwnership" classname="com.indianservers.aiexplorer.arengine.ArEngineContractsTest" time="0.04"/>
  <testcase name="quaternionAndPlacementRoundTripPreserveMathematicalCoordinates" classname="com.indianservers.aiexplorer.arengine.ArEngineContractsTest" time="0.003"/>
  <testcase name="sceneContractsPreserveCanonicalIdentityAndRendererNeutralGeometry" classname="com.indianservers.aiexplorer.arengine.ArEngineContractsTest" time="0.015"/>
  <testcase name="fakeRuntimeModelsPermissionInstallResumeFramesAndClose" classname="com.indianservers.aiexplorer.arengine.ArEngineContractsTest" time="0.007"/>
  <system-out><![CDATA[]]></system-out>
  <system-err><![CDATA[]]></system-err>
</testsuite>
