<?xml version="1.0" encoding="UTF-8"?>
<testsuite name="com.indianservers.aiexplorer.arengine.interaction.ArInteractionEngineTest" tests="9" skipped="0" failures="0" errors="0" timestamp="2026-07-23T20:26:03.716Z" hostname="INDIANSERVERS" time="0.052">
  <properties/>
  <testcase name="previewAndCommitUseTheSamePoseAndRankPlanesFirst" classname="com.indianservers.aiexplorer.arengine.interaction.ArInteractionEngineTest" time="0.01"/>
  <testcase name="unreliablePlacementCannotCommit" classname="com.indianservers.aiexplorer.arengine.interaction.ArInteractionEngineTest" time="0.001"/>
  <testcase name="trackingLossAndRecoveryPreserveSceneAndSelection" classname="com.indianservers.aiexplorer.arengine.interaction.ArInteractionEngineTest" time="0.002"/>
  <testcase name="clipboardAndDeleteMaintainAnnotationsAndMeasurementIntegrity" classname="com.indianservers.aiexplorer.arengine.interaction.ArInteractionEngineTest" time="0.002"/>
  <testcase name="stylusPrecisionIsPressureIndependentAndHoverAware" classname="com.indianservers.aiexplorer.arengine.interaction.ArInteractionEngineTest" time="0.003"/>
  <testcase name="snappingProjectsToAxesAndFaces" classname="com.indianservers.aiexplorer.arengine.interaction.ArInteractionEngineTest" time="0.003"/>
  <testcase name="pickerReturnsWholeAndSubObjectsWithStableOcclusionOrder" classname="com.indianservers.aiexplorer.arengine.interaction.ArInteractionEngineTest" time="0.02"/>
  <testcase name="selectionCyclesLocksHidesAndIsolatesWithoutChangingIds" classname="com.indianservers.aiexplorer.arengine.interaction.ArInteractionEngineTest" time="0.001"/>
  <testcase name="gizmoGestureCoalescesToOneSemanticCommandAndLeavesAnchorUntouched" classname="com.indianservers.aiexplorer.arengine.interaction.ArInteractionEngineTest" time="0.008"/>
  <system-out><![CDATA[]]></system-out>
  <system-err><![CDATA[]]></system-err>
</testsuite>
