<?xml version="1.0" encoding="UTF-8"?>
<testsuite name="com.indianservers.aiexplorer.arengine.rendering.ArRenderPoliciesTest" tests="5" skipped="0" failures="0" errors="0" timestamp="2026-07-23T20:26:03.772Z" hostname="INDIANSERVERS" time="0.007">
  <properties/>
  <testcase name="qualityPreservesOutlinesAndLabelsAcrossEveryTier" classname="com.indianservers.aiexplorer.arengine.rendering.ArRenderPoliciesTest" time="0.003"/>
  <testcase name="lightingNormalizesDirectionAndBoundsExposure" classname="com.indianservers.aiexplorer.arengine.rendering.ArRenderPoliciesTest" time="0.0"/>
  <testcase name="frustumCullingIsConservative" classname="com.indianservers.aiexplorer.arengine.rendering.ArRenderPoliciesTest" time="0.001"/>
  <testcase name="sceneUploadTrackerOnlyUploadsChangedRevisions" classname="com.indianservers.aiexplorer.arengine.rendering.ArRenderPoliciesTest" time="0.001"/>
  <testcase name="modelMatrixPreservesQuaternionRotationTranslationAndScale" classname="com.indianservers.aiexplorer.arengine.rendering.ArRenderPoliciesTest" time="0.001"/>
  <system-out><![CDATA[]]></system-out>
  <system-err><![CDATA[]]></system-err>
</testsuite>
